<?xml version="1.0" encoding="UTF-8"?>
<!-- Generated by org.testng.reporters.JUnitXMLReporter -->
<testsuite ignored="0" hostname="SystemGilbert" failures="1" tests="1" name="ChromeTest" time="0.024" errors="0" timestamp="2024-10-22T14:08:28 CST">
  <testcase classname="defaultPackage.BrowserTest" name="openBrowserAndGoogleTest" time="0.0">
    <failure type="org.testng.TestNGException" message="
Method public void defaultPackage.BrowserTest.openBrowserAndGoogleTest(java.lang.String) requires a @DataProvider named : browsers in class Utils.BrowserManager">
      <![CDATA[org.testng.TestNGException: 
Method public void defaultPackage.BrowserTest.openBrowserAndGoogleTest(java.lang.String) requires a @DataProvider named : browsers in class Utils.BrowserManager
at java.base/java.util.ArrayList.forEach(ArrayList.java:1597)
at java.base/java.util.concurrent.FutureTask.run(FutureTask.java:317)
at java.base/java.util.concurrent.ThreadPoolExecutor.runWorker(ThreadPoolExecutor.java:1144)
at java.base/java.util.concurrent.ThreadPoolExecutor$Worker.run(ThreadPoolExecutor.java:642)
at java.base/java.lang.Thread.run(Thread.java:1575)
... Removed 15 stack frames]]>
    </failure>
  </testcase> <!-- openBrowserAndGoogleTest -->
</testsuite> <!-- ChromeTest -->
